<?xml version="1.0" encoding="UTF-8"?>
<testsuite xmlns:xsi="http://www.w3.org/2001/XMLSchema-instance" xsi:noNamespaceSchemaLocation="https://maven.apache.org/surefire/maven-surefire-plugin/xsd/surefire-test-report.xsd" name="karate.KarateTests" time="1.026" tests="7" errors="0" skipped="0" failures="1">
  <properties>
[...]
</properties>
  <testcase name="testAll[1][1]" classname="karate.KarateTests" time="0.324">
    <failure message="create.feature:14 - path: $, actual: &apos;1&apos;, expected: &apos;0&apos;, reason: not equal" type="org.opentest4j.AssertionFailedError">org.opentest4j.AssertionFailedError: create.feature:14 - path: $, actual: '1', expected: '0', reason: not equal
</failure>
    <system-out><![CDATA[10:35:03.711 [main] ERROR com.intuit.karate - assertion failed: path: $, actual: '1', expected: '0', reason: not equal
]]></system-out>
  </testcase>
  <testcase name="testAll[1][2]" classname="karate.KarateTests" time="0.053"/>
  <testcase name="testAll[2][1]" classname="karate.KarateTests" time="0.02"/>
  <testcase name="testAll[3][1]" classname="karate.KarateTests" time="0.031"/>
  <testcase name="testAll[4][1]" classname="karate.KarateTests" time="0.014"/>
  <testcase name="testAll[4][2]" classname="karate.KarateTests" time="0.022"/>
  <testcase name="testAll[5][1]" classname="karate.KarateTests" time="0.016"/>
</testsuite>